<?xml version="1.0" encoding="UTF-8"?>
<!-- Generated by org.testng.reporters.JUnitReportReporter -->
<testsuite hostname="DESKTOP-75ALLF2" failures="0" tests="1" name="com.orange.business.Escript" time="22.931" errors="0" timestamp="2024-01-08T12:21:35 IST" skipped="0">
  <testcase classname="com.orange.business.Escript" name="script" time="22.931"/>
</testsuite> <!-- com.orange.business.Escript -->
